D:\CODE\NBOD\C\BIN\WIN32\DEBUG\NBODY.EXE
D:\CODE\NBOD\C\SRC\NBODY\WIN32\DEBUG\ARGUMENTPARSER.OBJ
D:\CODE\NBOD\C\SRC\NBODY\WIN32\DEBUG\BARRELENTITY.OBJ
D:\code\nbod\C\src\nbody\Win32\Debug\bodysystemcuda.cu.cache
D:\code\nbod\C\src\nbody\Win32\Debug\bodysystemcuda.cu.obj
D:\code\nbod\C\src\nbody\Win32\Debug\cl.command.1.tlog
D:\code\nbod\C\src\nbody\Win32\Debug\CL.read.1.tlog
D:\code\nbod\C\src\nbody\Win32\Debug\CL.write.1.tlog
D:\CODE\NBOD\C\SRC\NBODY\WIN32\DEBUG\COMPUTEARGUMENTS.OBJ
D:\CODE\NBOD\C\SRC\NBODY\WIN32\DEBUG\CONSOLEPROGRESSINDICATOR.OBJ
D:\CODE\NBOD\C\SRC\NBODY\WIN32\DEBUG\CUBOIDENTITY.OBJ
D:\CODE\NBOD\C\SRC\NBODY\WIN32\DEBUG\ENTITY.OBJ
D:\CODE\NBOD\C\SRC\NBODY\WIN32\DEBUG\ENTITYSET.OBJ
D:\CODE\NBOD\C\SRC\NBODY\WIN32\DEBUG\FORMFACTORENGINE.OBJ
D:\CODE\NBOD\C\SRC\NBODY\WIN32\DEBUG\GLOBEENTITY.OBJ
D:\code\nbod\C\src\nbody\Win32\Debug\link.command.1.tlog
D:\code\nbod\C\src\nbody\Win32\Debug\link.read.1.tlog
D:\code\nbod\C\src\nbody\Win32\Debug\link.write.1.tlog
D:\code\nbod\C\src\nbody\Win32\Debug\mt.command.1.tlog
D:\code\nbod\C\src\nbody\Win32\Debug\mt.read.1.tlog
D:\code\nbod\C\src\nbody\Win32\Debug\mt.write.1.tlog
D:\CODE\NBOD\C\SRC\NBODY\WIN32\DEBUG\NBODY.EXE.INTERMEDIATE.MANIFEST
D:\CODE\NBOD\C\SRC\NBODY\WIN32\DEBUG\NBODY.OBJ
D:\code\nbod\C\src\nbody\Win32\Debug\nbody.write.1.tlog
D:\CODE\NBOD\C\SRC\NBODY\WIN32\DEBUG\PARAM.OBJ
D:\CODE\NBOD\C\SRC\NBODY\WIN32\DEBUG\PARAMGL.OBJ
D:\CODE\NBOD\C\SRC\NBODY\WIN32\DEBUG\PATCHCACHE.OBJ
D:\CODE\NBOD\C\SRC\NBODY\WIN32\DEBUG\PATCHCACHELINE.OBJ
D:\CODE\NBOD\C\SRC\NBODY\WIN32\DEBUG\PATCHRANDOMACCESSENUMERATOR.OBJ
D:\CODE\NBOD\C\SRC\NBODY\WIN32\DEBUG\PATCHSEQUENCEENUMERATOR.OBJ
D:\CODE\NBOD\C\SRC\NBODY\WIN32\DEBUG\PROGRESSOBSERVERMULTISTEP.OBJ
D:\CODE\NBOD\C\SRC\NBODY\WIN32\DEBUG\PROGRESSSUBJECTMULTISTEP.OBJ
D:\CODE\NBOD\C\SRC\NBODY\WIN32\DEBUG\RADIOSITYRENDERER.OBJ
D:\CODE\NBOD\C\SRC\NBODY\WIN32\DEBUG\RENDER_PARTICLES.OBJ
D:\CODE\NBOD\C\SRC\NBODY\WIN32\DEBUG\RENDERCHECK_GL.OBJ
D:\code\nbod\C\src\nbody\Win32\Debug\ResolveAssemblyReference.cache
D:\CODE\NBOD\C\SRC\NBODY\WIN32\DEBUG\RRV.OBJ
D:\CODE\NBOD\C\SRC\NBODY\WIN32\DEBUG\SCENE.OBJ
D:\CODE\NBOD\C\SRC\NBODY\WIN32\DEBUG\TEAPOTENTITY.OBJ
D:\CODE\NBOD\C\SRC\NBODY\WIN32\DEBUG\TEAPOTENTITYDEF.OBJ
D:\CODE\NBOD\C\SRC\NBODY\WIN32\DEBUG\TRANSFORMMATRIX.OBJ
D:\CODE\NBOD\C\SRC\NBODY\WIN32\DEBUG\TRIANGLEENTITY.OBJ
D:\CODE\NBOD\C\SRC\NBODY\WIN32\DEBUG\TRIANGLESET.OBJ
D:\CODE\NBOD\C\SRC\NBODY\WIN32\DEBUG\TRIANGLESETEXT.OBJ
D:\code\nbod\C\src\nbody\Win32\Debug\vc100.idb
D:\CODE\NBOD\C\SRC\NBODY\WIN32\DEBUG\VC100.PDB
D:\CODE\NBOD\C\SRC\NBODY\WIN32\DEBUG\VISUALIZEARGUMENTS.OBJ
D:\CODE\NBOD\C\SRC\NBODY\WIN32\DEBUG\VISUALIZER.OBJ
D:\CODE\NBOD\C\SRC\NBODY\WIN32\DEBUG\XMLBODYREADER.OBJ
D:\CODE\NBOD\C\SRC\NBODY\WIN32\DEBUG\XMLHELPER.OBJ
D:\CODE\NBOD\C\SRC\NBODY\WIN32\DEBUG\XMLNAMES.OBJ
D:\CODE\NBOD\C\SRC\NBODY\WIN32\DEBUG\XMLPARSER.OBJ
D:\CODE\NBOD\C\SRC\NBODY\WIN32\DEBUG\XMLWRAPPER.OBJ
D:\CODE\NBOD\C\SRC\NBODY\WIN32\DEBUG\XMLWRITER.OBJ
D:\RRV\NBODY.EXE
D:\RRV\NBODY.ILK
D:\RRV\NBODY.PDB
