D:\CODE\NBOD\C\SRC\NBODY\WIN32\RELEASE\ARGUMENTPARSER.OBJ
D:\CODE\NBOD\C\SRC\NBODY\WIN32\RELEASE\BARRELENTITY.OBJ
D:\code\nbod\C\src\nbody\Win32\Release\bodysystemcuda.cu.cache
D:\code\nbod\C\src\nbody\Win32\Release\bodysystemcuda.cu.obj
D:\code\nbod\C\src\nbody\Win32\Release\cl.command.1.tlog
D:\code\nbod\C\src\nbody\Win32\Release\CL.read.1.tlog
D:\code\nbod\C\src\nbody\Win32\Release\CL.write.1.tlog
D:\CODE\NBOD\C\SRC\NBODY\WIN32\RELEASE\COMPUTEARGUMENTS.OBJ
D:\CODE\NBOD\C\SRC\NBODY\WIN32\RELEASE\CONSOLEPROGRESSINDICATOR.OBJ
D:\CODE\NBOD\C\SRC\NBODY\WIN32\RELEASE\CUBOIDENTITY.OBJ
D:\CODE\NBOD\C\SRC\NBODY\WIN32\RELEASE\ENTITY.OBJ
D:\CODE\NBOD\C\SRC\NBODY\WIN32\RELEASE\ENTITYSET.OBJ
D:\code\nbod\C\src\nbody\Win32\Release\FormFactorEngine.cu.cache
D:\code\nbod\C\src\nbody\Win32\Release\FormFactorEngine.cu.obj
D:\CODE\NBOD\C\SRC\NBODY\WIN32\RELEASE\FORMFACTORENGINE.OBJ
D:\CODE\NBOD\C\SRC\NBODY\WIN32\RELEASE\GLOBEENTITY.OBJ
D:\code\nbod\C\src\nbody\Win32\Release\link.command.1.tlog
D:\code\nbod\C\src\nbody\Win32\Release\link.read.1.tlog
D:\code\nbod\C\src\nbody\Win32\Release\link.write.1.tlog
D:\CODE\NBOD\C\SRC\NBODY\WIN32\RELEASE\NBODY.OBJ
D:\code\nbod\C\src\nbody\Win32\Release\nbody.write.1.tlog
D:\CODE\NBOD\C\SRC\NBODY\WIN32\RELEASE\PARAM.OBJ
D:\CODE\NBOD\C\SRC\NBODY\WIN32\RELEASE\PARAMGL.OBJ
D:\CODE\NBOD\C\SRC\NBODY\WIN32\RELEASE\PATCHCACHE.OBJ
D:\CODE\NBOD\C\SRC\NBODY\WIN32\RELEASE\PATCHCACHELINE.OBJ
D:\CODE\NBOD\C\SRC\NBODY\WIN32\RELEASE\PATCHRANDOMACCESSENUMERATOR.OBJ
D:\CODE\NBOD\C\SRC\NBODY\WIN32\RELEASE\PATCHSEQUENCEENUMERATOR.OBJ
D:\CODE\NBOD\C\SRC\NBODY\WIN32\RELEASE\PROGRESSOBSERVERMULTISTEP.OBJ
D:\CODE\NBOD\C\SRC\NBODY\WIN32\RELEASE\PROGRESSSUBJECTMULTISTEP.OBJ
D:\CODE\NBOD\C\SRC\NBODY\WIN32\RELEASE\RADIOSITYRENDERER.OBJ
D:\CODE\NBOD\C\SRC\NBODY\WIN32\RELEASE\RENDER_PARTICLES.OBJ
D:\CODE\NBOD\C\SRC\NBODY\WIN32\RELEASE\RENDERCHECK_GL.OBJ
D:\CODE\NBOD\C\SRC\NBODY\WIN32\RELEASE\RRV.OBJ
D:\CODE\NBOD\C\SRC\NBODY\WIN32\RELEASE\SCENE.OBJ
D:\CODE\NBOD\C\SRC\NBODY\WIN32\RELEASE\TEAPOTENTITY.OBJ
D:\CODE\NBOD\C\SRC\NBODY\WIN32\RELEASE\TEAPOTENTITYDEF.OBJ
D:\CODE\NBOD\C\SRC\NBODY\WIN32\RELEASE\TRANSFORMMATRIX.OBJ
D:\CODE\NBOD\C\SRC\NBODY\WIN32\RELEASE\TRIANGLEENTITY.OBJ
D:\CODE\NBOD\C\SRC\NBODY\WIN32\RELEASE\TRIANGLESET.OBJ
D:\CODE\NBOD\C\SRC\NBODY\WIN32\RELEASE\TRIANGLESETEXT.OBJ
D:\CODE\NBOD\C\SRC\NBODY\WIN32\RELEASE\VC100.PDB
D:\CODE\NBOD\C\SRC\NBODY\WIN32\RELEASE\VISUALIZEARGUMENTS.OBJ
D:\CODE\NBOD\C\SRC\NBODY\WIN32\RELEASE\VISUALIZER.OBJ
D:\CODE\NBOD\C\SRC\NBODY\WIN32\RELEASE\XMLBODYREADER.OBJ
D:\CODE\NBOD\C\SRC\NBODY\WIN32\RELEASE\XMLHELPER.OBJ
D:\CODE\NBOD\C\SRC\NBODY\WIN32\RELEASE\XMLNAMES.OBJ
D:\CODE\NBOD\C\SRC\NBODY\WIN32\RELEASE\XMLPARSER.OBJ
D:\CODE\NBOD\C\SRC\NBODY\WIN32\RELEASE\XMLWRAPPER.OBJ
D:\CODE\NBOD\C\SRC\NBODY\WIN32\RELEASE\XMLWRITER.OBJ
